TN:
SF:/home/cong/git_repo/angular-testing-recipes/src/polyfills.ts
FNF:0
FNH:0
DA:3,1
DA:4,1
DA:5,1
DA:6,1
DA:7,1
DA:8,1
DA:9,1
DA:10,1
DA:11,1
DA:12,1
DA:13,1
DA:14,1
DA:15,1
DA:16,1
DA:18,1
DA:19,1
LF:16
LH:16
BRF:0
BRH:0
end_of_record
TN:
SF:/home/cong/git_repo/angular-testing-recipes/src/test.ts
FN:20,(anonymous_0)
FNF:1
FNH:1
FNDA:1,(anonymous_0)
DA:3,1
DA:4,1
DA:5,1
DA:6,1
DA:7,1
DA:8,1
DA:9,1
DA:10,1
DA:20,1
DA:23,1
DA:25,1
DA:27,1
DA:29,1
LF:13
LH:13
BRF:0
BRH:0
end_of_record
TN:
SF:/home/cong/git_repo/angular-testing-recipes/src/app/components/async-stream.component.ts
FN:10,(anonymous_1)
FNF:1
FNH:1
FNDA:3,(anonymous_1)
DA:1,1
DA:10,1
DA:12,1
LF:3
LH:3
BRF:0
BRH:0
end_of_record
TN:
SF:/home/cong/git_repo/angular-testing-recipes/src/app/components/component-mock-external.component.ts
FN:10,(anonymous_2)
FN:11,WithExternalServiceComponent
FN:13,(anonymous_4)
FNF:3
FNH:3
FNDA:1,(anonymous_2)
FNDA:3,WithExternalServiceComponent
FNDA:3,(anonymous_4)
DA:1,1
DA:2,1
DA:10,1
DA:11,3
DA:13,1
DA:14,3
DA:15,1
DA:16,2
DA:17,1
DA:19,1
DA:22,1
LF:11
LH:11
BRDA:14,0,0,1
BRDA:14,0,1,2
BRDA:16,1,0,1
BRDA:16,1,1,1
BRF:4
BRH:4
end_of_record
TN:
SF:/home/cong/git_repo/angular-testing-recipes/src/app/components/content-projection.component.ts
FN:14,(anonymous_1)
FNF:1
FNH:1
FNDA:4,(anonymous_1)
DA:1,1
DA:14,1
LF:2
LH:2
BRF:0
BRH:0
end_of_record
TN:
SF:/home/cong/git_repo/angular-testing-recipes/src/app/components/counter.component.ts
FN:7,(anonymous_2)
FN:12,CounterComponent
FN:14,(anonymous_4)
FN:18,(anonymous_5)
FN:19,(anonymous_6)
FN:28,(anonymous_7)
FNF:6
FNH:6
FNDA:1,(anonymous_2)
FNDA:1,CounterComponent
FNDA:2,(anonymous_4)
FNDA:2,(anonymous_5)
FNDA:1,(anonymous_6)
FNDA:1,(anonymous_7)
DA:1,1
DA:7,1
DA:8,1
DA:9,1
DA:14,1
DA:15,2
DA:18,2
DA:19,2
DA:20,1
DA:21,0
DA:23,1
DA:28,1
DA:29,1
DA:30,0
DA:33,1
LF:15
LH:13
BRDA:20,0,0,0
BRDA:20,0,1,1
BRDA:29,1,0,0
BRDA:29,1,1,1
BRF:4
BRH:2
end_of_record
TN:
SF:/home/cong/git_repo/angular-testing-recipes/src/app/components/domtesting.component.ts
FN:10,(anonymous_1)
FN:3,DomTestingComponent
FNF:2
FNH:2
FNDA:1,(anonymous_1)
FNDA:4,DomTestingComponent
DA:1,1
DA:10,1
DA:11,4
DA:12,1
LF:4
LH:4
BRF:0
BRH:0
end_of_record
TN:
SF:/home/cong/git_repo/angular-testing-recipes/src/app/components/dynamic-css-classes.component.ts
FN:9,(anonymous_2)
FN:3,DynamicCssClassesComponent
FNF:2
FNH:2
FNDA:1,(anonymous_2)
FNDA:3,DynamicCssClassesComponent
DA:1,1
DA:9,1
DA:10,4
DA:11,1
LF:4
LH:4
BRF:0
BRH:0
end_of_record
TN:
SF:/home/cong/git_repo/angular-testing-recipes/src/app/components/dynamic-styles.component.ts
FN:9,(anonymous_1)
FN:3,DynamicStylesComponent
FNF:2
FNH:2
FNDA:1,(anonymous_1)
FNDA:2,DynamicStylesComponent
DA:1,1
DA:9,1
DA:10,2
DA:11,1
LF:4
LH:4
BRF:0
BRH:0
end_of_record
TN:
SF:/home/cong/git_repo/angular-testing-recipes/src/app/components/input.component.ts
FN:7,(anonymous_2)
FNF:1
FNH:1
FNDA:3,(anonymous_2)
DA:1,1
DA:7,1
DA:8,1
DA:9,1
LF:4
LH:4
BRF:0
BRH:0
end_of_record
TN:
SF:/home/cong/git_repo/angular-testing-recipes/src/app/components/language.service.ts
FN:3,(anonymous_1)
FN:10,(anonymous_2)
FN:9,LanguageService
FN:13,(anonymous_4)
FN:17,(anonymous_5)
FNF:5
FNH:5
FNDA:1,(anonymous_1)
FNDA:1,(anonymous_2)
FNDA:3,LanguageService
FNDA:4,(anonymous_4)
FNDA:1,(anonymous_5)
DA:1,1
DA:3,1
DA:4,1
DA:5,1
DA:6,1
DA:10,1
DA:11,3
DA:13,1
DA:14,4
DA:17,1
DA:18,1
DA:20,1
LF:12
LH:12
BRDA:3,0,0,1
BRDA:3,0,1,1
BRF:2
BRH:2
end_of_record
TN:
SF:/home/cong/git_repo/angular-testing-recipes/src/app/components/output.component.ts
FN:7,(anonymous_2)
FN:3,OutputComponent
FN:10,(anonymous_4)
FNF:3
FNH:3
FNDA:1,(anonymous_2)
FNDA:4,OutputComponent
FNDA:2,(anonymous_4)
DA:1,1
DA:7,1
DA:8,5
DA:10,1
DA:11,2
DA:13,1
LF:6
LH:6
BRF:0
BRH:0
end_of_record
TN:
SF:/home/cong/git_repo/angular-testing-recipes/src/app/pipes/filter.pipe.ts
FN:7,(anonymous_1)
FN:8,(anonymous_3)
FN:16,(anonymous_4)
FNF:3
FNH:3
FNDA:7,(anonymous_1)
FNDA:5,(anonymous_3)
FNDA:8,(anonymous_4)
DA:1,1
DA:7,1
DA:8,1
DA:9,5
DA:10,1
DA:12,4
DA:13,2
DA:16,2
DA:17,8
DA:20,1
LF:10
LH:10
BRDA:9,0,0,1
BRDA:9,0,1,4
BRDA:12,1,0,2
BRDA:12,1,1,2
BRDA:12,2,0,4
BRDA:12,2,1,3
BRF:6
BRH:6
end_of_record
TN:
SF:/home/cong/git_repo/angular-testing-recipes/src/app/routing/app-routing.module.ts
FN:26,(anonymous_1)
FNF:1
FNH:1
FNDA:3,(anonymous_1)
DA:1,1
DA:2,1
DA:3,1
DA:4,1
DA:6,1
DA:26,1
LF:6
LH:6
BRF:0
BRH:0
end_of_record
TN:
SF:/home/cong/git_repo/angular-testing-recipes/src/app/routing/app.component.ts
FN:7,(anonymous_1)
FNF:1
FNH:1
FNDA:1,(anonymous_1)
DA:1,1
DA:7,1
LF:2
LH:2
BRF:0
BRH:0
end_of_record
TN:
SF:/home/cong/git_repo/angular-testing-recipes/src/app/routing/app.module.ts
FN:11,(anonymous_1)
FNF:1
FNH:1
FNDA:3,(anonymous_1)
DA:1,1
DA:2,1
DA:3,1
DA:4,1
DA:5,1
DA:11,1
LF:6
LH:6
BRF:0
BRH:0
end_of_record
TN:
SF:/home/cong/git_repo/angular-testing-recipes/src/app/routing/home/home.component.ts
FN:7,(anonymous_1)
FNF:1
FNH:1
FNDA:3,(anonymous_1)
DA:1,1
DA:7,1
LF:2
LH:2
BRF:0
BRH:0
end_of_record
TN:
SF:/home/cong/git_repo/angular-testing-recipes/src/app/routing/home/home.module.ts
FN:7,(anonymous_1)
FNF:1
FNH:1
FNDA:3,(anonymous_1)
DA:1,1
DA:2,1
DA:7,1
LF:3
LH:3
BRF:0
BRH:0
end_of_record
TN:
SF:/home/cong/git_repo/angular-testing-recipes/src/app/routing/search/search.component.ts
FN:12,(anonymous_2)
FN:13,SearchComponent
FN:15,(anonymous_4)
FNF:3
FNH:3
FNDA:1,(anonymous_2)
FNDA:1,SearchComponent
FNDA:1,(anonymous_4)
DA:1,1
DA:2,1
DA:12,1
DA:13,1
DA:15,1
DA:16,1
DA:18,1
LF:7
LH:7
BRF:0
BRH:0
end_of_record
TN:
SF:/home/cong/git_repo/angular-testing-recipes/src/app/routing/search/search.module.ts
FN:7,(anonymous_1)
FNF:1
FNH:1
FNDA:3,(anonymous_1)
DA:1,1
DA:2,1
DA:7,1
LF:3
LH:3
BRF:0
BRH:0
end_of_record
TN:
SF:/home/cong/git_repo/angular-testing-recipes/src/app/services/async.service.ts
FN:4,(anonymous_1)
FN:5,(anonymous_3)
FN:6,(anonymous_4)
FN:7,(anonymous_5)
FNF:4
FNH:4
FNDA:4,(anonymous_1)
FNDA:2,(anonymous_3)
FNDA:2,(anonymous_4)
FNDA:2,(anonymous_5)
DA:1,1
DA:4,1
DA:5,1
DA:6,2
DA:7,2
DA:8,2
DA:12,1
LF:7
LH:7
BRF:0
BRH:0
end_of_record
TN:
SF:/home/cong/git_repo/angular-testing-recipes/src/app/services/greeting.service.ts
FN:4,(anonymous_1)
FN:5,(anonymous_3)
FNF:2
FNH:2
FNDA:6,(anonymous_1)
FNDA:2,(anonymous_3)
DA:1,1
DA:4,1
DA:5,1
DA:6,2
DA:8,1
LF:5
LH:5
BRF:0
BRH:0
end_of_record
TN:
SF:/home/cong/git_repo/angular-testing-recipes/src/app/services/remote.service.ts
FN:6,(anonymous_2)
FN:7,RemoteService
FN:9,(anonymous_4)
FN:13,(anonymous_5)
FNF:4
FNH:3
FNDA:1,(anonymous_2)
FNDA:5,RemoteService
FNDA:1,(anonymous_4)
FNDA:0,(anonymous_5)
DA:1,1
DA:2,1
DA:6,1
DA:7,5
DA:9,1
DA:10,1
DA:13,1
DA:14,0
DA:16,1
LF:9
LH:8
BRF:0
BRH:0
end_of_record
TN:
SF:/home/cong/git_repo/angular-testing-recipes/src/app/utils/auto-prefixer.ts
FN:22,applyCssPrefixes
FNF:1
FNH:0
FNDA:0,applyCssPrefixes
DA:22,1
DA:23,0
DA:24,0
DA:26,0
DA:28,0
DA:29,0
DA:30,0
DA:31,0
DA:33,0
DA:35,0
DA:47,0
DA:48,0
DA:51,0
DA:52,0
DA:53,0
DA:54,0
DA:57,0
DA:58,0
DA:61,0
LF:19
LH:1
BRDA:24,0,0,0
BRDA:24,0,1,0
BRDA:27,1,0,0
BRDA:27,1,1,0
BRDA:27,1,2,0
BRDA:27,1,3,0
BRDA:27,1,4,0
BRDA:27,1,5,0
BRDA:27,1,6,0
BRDA:27,1,7,0
BRDA:27,1,8,0
BRDA:27,1,9,0
BRDA:27,1,10,0
BRDA:27,1,11,0
BRDA:27,1,12,0
BRDA:28,2,0,0
BRDA:28,2,1,0
BRDA:30,3,0,0
BRDA:30,3,1,0
BRDA:51,4,0,0
BRDA:51,4,1,0
BRDA:57,5,0,0
BRDA:57,5,1,0
BRF:23
BRH:0
end_of_record
TN:
SF:/home/cong/git_repo/angular-testing-recipes/src/app/utils/custom-matchers.ts
FN:81,(anonymous_0)
FN:83,(anonymous_1)
FN:88,compareMap
FN:92,(anonymous_3)
FN:103,(anonymous_4)
FN:105,(anonymous_5)
FN:117,(anonymous_6)
FN:120,buildError
FN:121,(anonymous_8)
FN:135,(anonymous_9)
FN:137,(anonymous_10)
FN:143,(anonymous_11)
FN:162,(anonymous_12)
FN:164,(anonymous_13)
FN:168,(anonymous_14)
FN:192,(anonymous_15)
FN:201,(anonymous_16)
FN:212,buildCompareStyleFunction
FN:213,(anonymous_18)
FN:222,(anonymous_19)
FN:259,hasPrefixedStyles
FN:267,(anonymous_21)
FN:281,elementText
FN:282,(anonymous_23)
FNF:24
FNH:5
FNDA:0,(anonymous_0)
FNDA:0,(anonymous_1)
FNDA:0,compareMap
FNDA:0,(anonymous_3)
FNDA:0,(anonymous_4)
FNDA:0,(anonymous_5)
FNDA:0,(anonymous_6)
FNDA:0,buildError
FNDA:0,(anonymous_8)
FNDA:0,(anonymous_9)
FNDA:0,(anonymous_10)
FNDA:0,(anonymous_11)
FNDA:0,(anonymous_12)
FNDA:0,(anonymous_13)
FNDA:0,(anonymous_14)
FNDA:1,(anonymous_15)
FNDA:0,(anonymous_16)
FNDA:1,buildCompareStyleFunction
FNDA:1,(anonymous_18)
FNDA:1,(anonymous_19)
FNDA:1,hasPrefixedStyles
FNDA:0,(anonymous_21)
FNDA:0,elementText
FNDA:0,(anonymous_23)
DA:10,1
DA:12,1
DA:14,1
DA:15,1
DA:17,1
DA:80,1
DA:82,0
DA:84,0
DA:89,0
DA:90,0
DA:91,0
DA:92,0
DA:93,0
DA:96,0
DA:98,0
DA:104,0
DA:106,0
DA:107,0
DA:110,0
DA:118,0
DA:121,0
DA:122,0
DA:125,0
DA:136,0
DA:142,0
DA:143,0
DA:144,0
DA:147,0
DA:150,0
DA:163,0
DA:166,0
DA:167,0
DA:168,0
DA:169,0
DA:174,0
DA:177,0
DA:193,1
DA:202,0
DA:212,1
DA:213,1
DA:214,1
DA:217,1
DA:218,0
DA:221,1
DA:222,1
DA:223,1
DA:229,1
DA:230,1
DA:231,0
DA:235,1
DA:239,0
DA:240,0
DA:243,0
DA:260,1
DA:261,1
DA:263,1
DA:264,1
DA:265,1
DA:266,0
DA:267,0
DA:269,0
DA:272,0
DA:273,0
DA:278,1
DA:282,0
DA:283,0
DA:284,0
DA:287,0
DA:288,0
DA:291,0
DA:292,0
DA:295,0
DA:296,0
DA:299,0
DA:300,0
DA:303,0
DA:304,0
DA:307,0
LF:78
LH:23
BRDA:10,0,0,0
BRDA:10,0,1,1
BRDA:89,1,0,0
BRDA:89,1,1,0
BRDA:91,2,0,0
BRDA:91,2,1,0
BRDA:93,3,0,0
BRDA:93,3,1,0
BRDA:126,4,0,0
BRDA:126,4,1,0
BRDA:144,5,0,0
BRDA:144,5,1,0
BRDA:152,6,0,0
BRDA:152,6,1,0
BRDA:170,7,0,0
BRDA:170,7,1,0
BRDA:170,7,2,0
BRDA:179,8,0,0
BRDA:179,8,1,0
BRDA:212,9,0,0
BRDA:212,9,1,1
BRDA:217,10,0,0
BRDA:217,10,1,1
BRDA:229,11,0,1
BRDA:229,11,1,1
BRDA:230,12,0,0
BRDA:230,12,1,1
BRDA:239,13,0,0
BRDA:239,13,1,0
BRDA:241,14,0,0
BRDA:241,14,1,0
BRDA:244,15,0,0
BRDA:244,15,1,0
BRDA:245,16,0,0
BRDA:245,16,1,0
BRDA:263,17,0,1
BRDA:263,17,1,0
BRDA:265,18,0,0
BRDA:265,18,1,1
BRDA:270,19,0,0
BRDA:270,19,1,0
BRDA:272,20,0,0
BRDA:272,20,1,0
BRDA:284,21,0,0
BRDA:284,21,1,0
BRDA:287,22,0,0
BRDA:287,22,1,0
BRDA:291,23,0,0
BRDA:291,23,1,0
BRDA:295,24,0,0
BRDA:295,24,1,0
BRDA:295,25,0,0
BRDA:295,25,1,0
BRDA:299,26,0,0
BRDA:299,26,1,0
BRDA:303,27,0,0
BRDA:303,27,1,0
BRF:57
BRH:8
end_of_record
TN:
SF:/home/cong/git_repo/angular-testing-recipes/src/app/utils/dom-tools.ts
FN:38,getStyle
FN:42,hasStyle
FN:56,getDistributedNodes
FN:60,getShadowRoot
FN:64,getText
FN:68,childNodesAsList
FN:77,hasClass
FN:81,hasAttribute
FN:85,getAttribute
FN:89,childNodes
FN:93,hasShadowRoot
FN:97,isCommentNode
FN:101,isElementNode
FN:105,isShadowRoot
FN:109,isPresent
FN:113,tagName
FN:122,lastElementChild
FNF:17
FNH:2
FNDA:1,getStyle
FNDA:1,hasStyle
FNDA:0,getDistributedNodes
FNDA:0,getShadowRoot
FNDA:0,getText
FNDA:0,childNodesAsList
FNDA:0,hasClass
FNDA:0,hasAttribute
FNDA:0,getAttribute
FNDA:0,childNodes
FNDA:0,hasShadowRoot
FNDA:0,isCommentNode
FNDA:0,isElementNode
FNDA:0,isShadowRoot
FNDA:0,isPresent
FNDA:0,tagName
FNDA:0,lastElementChild
DA:12,1
DA:39,1
DA:45,1
DA:46,1
DA:48,1
DA:49,1
DA:51,0
DA:53,1
DA:57,0
DA:61,0
DA:65,0
DA:69,0
DA:70,0
DA:71,0
DA:72,0
DA:74,0
DA:78,0
DA:82,0
DA:86,0
DA:90,0
DA:94,0
DA:98,0
DA:102,0
DA:106,0
DA:110,0
DA:114,0
DA:123,0
LF:27
LH:7
BRDA:45,0,0,0
BRDA:45,0,1,1
BRDA:46,1,0,0
BRDA:46,1,1,1
BRDA:48,2,0,1
BRDA:48,2,1,0
BRDA:49,3,0,0
BRDA:49,3,1,1
BRDA:49,4,0,1
BRDA:49,4,1,0
BRDA:51,5,0,0
BRDA:51,5,1,0
BRDA:53,6,0,1
BRDA:53,6,1,0
BRDA:94,7,0,0
BRDA:94,7,1,0
BRF:16
BRH:6
end_of_record
TN:
SF:/home/cong/git_repo/angular-testing-recipes/src/app/utils/object-extend.ts
FN:15,extendObject
FNF:1
FNH:0
FNDA:0,extendObject
DA:15,1
DA:16,0
DA:17,0
DA:20,0
DA:21,0
DA:22,0
DA:23,0
DA:24,0
DA:30,0
LF:9
LH:1
BRDA:16,0,0,0
BRDA:16,0,1,0
BRDA:21,1,0,0
BRDA:21,1,1,0
BRDA:23,2,0,0
BRDA:23,2,1,0
BRF:6
BRH:0
end_of_record
